app/build/outputs/mapping/standardRelease/seeds.txt
com.jdots.browser.activities.LogcatActivity
com.jdots.browser.activities.AboutActivity
com.jdots.browser.dialogs.WaitingForProxyDialog
com.jdots.browser.dialogs.ViewRequestDialog: ViewRequestDialog()
com.jdots.browser.dialogs.EditBookmarkFolderDatabaseViewDialog
com.jdots.browser.views.NestedScrollWebView: java.lang.String getCurrentIpAddresses()
com.jdots.browser.views.WrapVerticalContentViewPager: WrapVerticalContentViewPager(android.content.Context,android.util.AttributeSet)
com.jdots.browser.activities.MainWebViewActivity: MainWebViewActivity()
com.jdots.browser.views.NestedScrollWebView: java.util.List getResourceRequests()
com.jdots.browser.dialogs.CreateHomeScreenShortcutDialog: CreateHomeScreenShortcutDialog()
com.jdots.browser.viewmodels.WebViewSource: void returnError(java.lang.String)
com.jdots.browser.dialogs.AboutViewSourceDialog: AboutViewSourceDialog()
com.jdots.browser.dialogs.EditBookmarkDatabaseViewDialog
com.jdots.browser.views.NoSwipeViewPager
com.jdots.browser.dialogs.EditBookmarkFolderDialog: EditBookmarkFolderDialog()
com.jdots.browser.dialogs.WaitingForProxyDialog: WaitingForProxyDialog()
com.jdots.browser.fragments.GuideWebViewFragment
com.jdots.browser.dialogs.MoveToFolderDialog: MoveToFolderDialog()
com.jdots.browser.dialogs.SaveDialog
com.jdots.browser.views.NestedScrollWebView: int getDomainSettingsDatabaseId()
com.jdots.browser.dialogs.AdConsentDialog: AdConsentDialog()
com.jdots.browser.views.NestedScrollWebView: void setSwipeToRefresh(boolean)
com.jdots.browser.viewmodels.WebViewSource: java.util.concurrent.ExecutorService executorService
com.jdots.browser.viewmodels.WebViewSource: androidx.lifecycle.LiveData observeErrors()
com.jdots.browser.dialogs.SslCertificateErrorDialog
com.jdots.browser.views.NestedScrollWebView: void setFavoriteOrDefaultIcon(android.graphics.Bitmap)
com.jdots.browser.views.NestedScrollWebView: boolean getAcceptFirstPartyCookies()
com.jdots.browser.dialogs.SaveWebpageDialog: SaveWebpageDialog()
com.jdots.browser.activities.RequestsActivity: RequestsActivity()
com.jdots.browser.viewmodels.WebViewSource: androidx.lifecycle.LiveData observeSource()
com.jdots.browser.views.NestedScrollWebView: void setNestedScrollingEnabled(boolean)
com.jdots.browser.views.NestedScrollWebView: java.lang.String getPinnedIpAddresses()
com.jdots.browser.dialogs.ProxyNotInstalledDialog
com.jdots.browser.views.NestedScrollWebView: android.graphics.Bitmap getFavoriteOrDefaultIcon()
com.jdots.browser.activities.MainWebViewActivity: void closeTab(android.view.View)
com.jdots.browser.dialogs.FontSizeDialog
com.jdots.browser.viewmodels.WebViewSource: java.lang.String localeString
com.jdots.browser.views.NestedScrollWebView: void setHttpAuthHandler(android.webkit.HttpAuthHandler)
com.jdots.browser.dialogs.OpenDialog: OpenDialog()
com.jdots.browser.dialogs.SaveWebpageDialog
com.jdots.browser.dialogs.ViewSslCertificateDialog
com.jdots.browser.views.NestedScrollWebView: android.webkit.HttpAuthHandler getHttpAuthHandler()
com.jdots.browser.activities.BookmarksDatabaseViewActivity: BookmarksDatabaseViewActivity()
com.jdots.browser.views.NestedScrollWebView: android.webkit.SslErrorHandler getSslErrorHandler()
com.jdots.browser.fragments.DomainSettingsFragment: DomainSettingsFragment()
com.jdots.browser.activities.LogcatActivity: LogcatActivity()
com.jdots.browser.viewmodels.WebViewSource: WebViewSource(java.lang.String,java.lang.String,boolean,java.lang.String,java.net.Proxy,java.util.concurrent.ExecutorService)
com.jdots.browser.activities.MainWebViewActivity: void closeFindOnPage(android.view.View)
com.jdots.browser.dialogs.StoragePermissionDialog: StoragePermissionDialog()
com.jdots.browser.dialogs.EditBookmarkFolderDialog
com.jdots.browser.fragments.DomainsListFragment: DomainsListFragment()
com.jdots.browser.activities.MainWebViewActivity: void addTab(android.view.View)
com.jdots.browser.activities.MainWebViewActivity: void findPreviousOnPage(android.view.View)
...
com.google.android.material.checkbox.MaterialCheckBox: android.content.res.ColorStateList getMaterialThemeColorsTintList()
com.google.android.material.floatingactionbutton.FloatingActionButton$Behavior: FloatingActionButton$Behavior()
androidx.appcompat.widget.Toolbar: void setNavigationContentDescription(int)
com.google.android.material.chip.Chip: android.graphics.RectF getCloseIconTouchBounds()
com.google.android.material.theme.MaterialComponentsViewInflater: MaterialComponentsViewInflater()
androidx.appcompat.widget.ButtonBarLayout: ButtonBarLayout(android.content.Context,android.util.AttributeSet)
androidx.preference.CheckBoxPreference
androidx.recyclerview.widget.RecyclerView
androidx.core.app.CoreComponentFactory: CoreComponentFactory()
androidx.core.app.ComponentActivity: ComponentActivity()
org.chromium.support_lib_boundary.WebResourceRequestBoundaryInterface: boolean isRedirect()
androidx.appcompat.widget.Toolbar: android.widget.TextView getTitleTextView()
com.google.android.material.textfield.TextInputLayout: int getBoxStrokeWidth()
androidx.appcompat.widget.SearchView$SearchAutoComplete: int getSearchViewTextMinWidthDp()
com.google.android.material.chip.Chip: void setOnCheckedChangeListenerInternal(android.widget.CompoundButton$OnCheckedChangeListener)
com.google.android.material.textfield.TextInputLayout: int getEndIconMode()
com.google.android.material.floatingactionbutton.FloatingActionButton: void setScaleY(float)
androidx.recyclerview.widget.RecyclerView: void setOnFlingListener(androidx.recyclerview.widget.RecyclerView$OnFlingListener)
com.google.android.material.snackbar.BaseTransientBottomBar$SnackbarBaseLayout: void setBackgroundTintMode(android.graphics.PorterDuff$Mode)
com.google.android.material.textfield.TextInputLayout: android.graphics.drawable.Drawable getErrorIconDrawable()
androidx.core.widget.NestedScrollView: int getScrollRange()
androidx.appcompat.widget.AppCompatButton: android.content.res.ColorStateList getSupportCompoundDrawablesTintList()
com.google.android.material.chip.ChipGroup: int getChipCount()
androidx.lifecycle.SavedStateHandleController$OnRecreation: SavedStateHandleController$OnRecreation()
androidx.appcompat.widget.AppCompatRadioButton: void setSupportBackgroundTintMode(android.graphics.PorterDuff$Mode)
androidx.appcompat.widget.Toolbar: java.lang.CharSequence getNavigationContentDescription()
com.google.android.material.transformation.TransformationChildCard
androidx.appcompat.widget.SearchView: java.lang.CharSequence getQuery()
androidx.lifecycle.AndroidViewModel: android.app.Application getApplication()
androidx.viewpager.widget.ViewPager: void setOnPageChangeListener(androidx.viewpager.widget.ViewPager$OnPageChangeListener)
org.chromium.support_lib_boundary.WebkitToCompatConverterBoundaryInterface: java.lang.reflect.InvocationHandler convertSafeBrowsingResponse(java.lang.Object)
androidx.appcompat.widget.AppCompatButton: void setSupportBackgroundTintList(android.content.res.ColorStateList)
androidx.preference.PreferenceCategory
androidx.lifecycle.Lifecycle$Event: androidx.lifecycle.Lifecycle$Event ON_CREATE
androidx.activity.ComponentActivity$2
androidx.appcompat.widget.SearchView: java.lang.CharSequence getQueryHint()
org.chromium.support_lib_boundary.WebResourceErrorBoundaryInterface
com.google.android.material.bottomsheet.BottomSheetBehavior: BottomSheetBehavior()
com.google.android.material.internal.NavigationMenuItemView: void setCheckable(boolean)
androidx.appcompat.widget.ContentFrameLayout: void setAttachListener(androidx.appcompat.widget.ContentFrameLayout$OnAttachListener)
androidx.appcompat.widget.DialogTitle: DialogTitle(android.content.Context,android.util.AttributeSet)
com.google.android.material.textfield.TextInputLayout: void setStartIconContentDescription(int)
androidx.lifecycle.LifecycleCoroutineScope: LifecycleCoroutineScope()
com.google.android.material.card.MaterialCardView: void setProgress(float)