app/build/outputs/mapping/standardRelease/mapping.txt
# compiler: R8
# compiler_version: 2.1.75
# min_api: 19
# pg_map_id: 4dba9af
# common_typos_disable
com.jdots.browser.activities.-$$Lambda$AboutActivity$wd0bScqlx3lRf6ukmi_w4EQ9vPE -> a.a.a.b.a:
    com.jdots.browser.activities.AboutActivity f$0 -> c
    java.lang.String f$1 -> d
    1:1:void com.jdots.browser.activities.AboutActivity.lambda$saveAsText$0$AboutActivity(java.lang.String,android.view.View):0:0 -> onClick
    1:1:void onClick(android.view.View):0 -> onClick
    2:2:void com.jdots.browser.activities.AboutActivity.lambda$saveAsText$0(java.lang.String,android.view.View):0:0 -> onClick
    2:2:void com.jdots.browser.activities.AboutActivity.lambda$saveAsText$0$AboutActivity(java.lang.String,android.view.View):0 -> onClick
    2:2:void onClick(android.view.View):0 -> onClick
com.jdots.browser.activities.-$$Lambda$BookmarksActivity$1$feSoW51dd2Wq2VlH2WtH9gllVBc -> a.a.a.b.b:
    com.jdots.browser.activities.-$$Lambda$BookmarksActivity$1$feSoW51dd2Wq2VlH2WtH9gllVBc INSTANCE -> c
com.jdots.browser.activities.-$$Lambda$BookmarksActivity$OP9YWN0UJrk1W--QNRQNPEfEb8E -> a.a.a.b.c:
    com.jdots.browser.activities.BookmarksActivity f$0 -> c
    android.graphics.Bitmap f$1 -> d
    1:1:void com.jdots.browser.activities.BookmarksActivity.lambda$onCreate$1$BookmarksActivity(android.graphics.Bitmap,android.view.View):0:0 -> onClick
    1:1:void onClick(android.view.View):0 -> onClick
    2:2:void com.jdots.browser.activities.BookmarksActivity.lambda$onCreate$1(android.graphics.Bitmap,android.view.View):0:0 -> onClick
    2:2:void com.jdots.browser.activities.BookmarksActivity.lambda$onCreate$1$BookmarksActivity(android.graphics.Bitmap,android.view.View):0 -> onClick
    2:2:void onClick(android.view.View):0 -> onClick
com.jdots.browser.activities.-$$Lambda$BookmarksActivity$kFoY68EqQ3jDtJkOLlcwrVplOqg -> a.a.a.b.d:
    android.graphics.Bitmap f$3 -> f
    com.jdots.browser.activities.BookmarksActivity f$0 -> c
    java.lang.String f$2 -> e
    java.lang.String f$1 -> d
    1:1:void com.jdots.browser.activities.BookmarksActivity.lambda$onCreate$2$BookmarksActivity(java.lang.String,java.lang.String,android.graphics.Bitmap,android.view.View):0:0 -> onClick
    1:1:void onClick(android.view.View):0 -> onClick
    2:2:void com.jdots.browser.activities.BookmarksActivity.lambda$onCreate$2(java.lang.String,java.lang.String,android.graphics.Bitmap,android.view.View):0:0 -> onClick
    2:2:void com.jdots.browser.activities.BookmarksActivity.lambda$onCreate$2$BookmarksActivity(java.lang.String,java.lang.String,android.graphics.Bitmap,android.view.View):0 -> onClick
    2:2:void onClick(android.view.View):0 -> onClick
com.jdots.browser.activities.-$$Lambda$BookmarksActivity$qdp0ViEn7U8i3yCOf-wiU9rHJT0 -> a.a.a.b.e:
    android.os.Bundle f$1 -> d
    com.jdots.browser.activities.BookmarksActivity f$0 -> c
    1:1:void com.jdots.browser.activities.BookmarksActivity.lambda$onCreate$3$BookmarksActivity(android.os.Bundle):0:0 -> run
    1:1:void run():0 -> run
    2:2:void com.jdots.browser.activities.BookmarksActivity.lambda$onCreate$3(android.os.Bundle):0:0 -> run
    2:2:void com.jdots.browser.activities.BookmarksActivity.lambda$onCreate$3$BookmarksActivity(android.os.Bundle):0 -> run
    2:2:void run():0 -> run
com.jdots.browser.activities.-$$Lambda$BookmarksActivity$yOqlF12HcY_6dIVewDdlA-eYn9M -> a.a.a.b.f:
    com.jdots.browser.activities.BookmarksActivity f$0 -> c
    android.graphics.Bitmap f$1 -> d
    1:1:void com.jdots.browser.activities.BookmarksActivity.lambda$onCreate$0(android.graphics.Bitmap,android.widget.AdapterView,android.view.View,int,long):0:0 -> onItemClick
    1:1:void com.jdots.browser.activities.BookmarksActivity.lambda$onCreate$0$BookmarksActivity(android.graphics.Bitmap,android.widget.AdapterView,android.view.View,int,long):0 -> onItemClick
    1:1:void onItemClick(android.widget.AdapterView,android.view.View,int,long):0 -> onItemClick
...
androidx.appcompat.widget.ActionBarContainer -> androidx.appcompat.widget.ActionBarContainer:
    int mHeight -> l
    android.graphics.drawable.Drawable mBackground -> g
    android.graphics.drawable.Drawable mStackedBackground -> h
    boolean mIsSplit -> j
    android.graphics.drawable.Drawable mSplitBackground -> i
    boolean mIsStacked -> k
    android.view.View mActionBarView -> e
    android.view.View mTabContainer -> d
    boolean mIsTransitioning -> c
    android.view.View mContextView -> f
    1:1:void androidx.core.view.ViewCompat.setBackground(android.view.View,android.graphics.drawable.Drawable):0:0 -> <init>
    1:1:void <init>(android.content.Context,android.util.AttributeSet):0 -> <init>
    2:2:void <init>(android.content.Context,android.util.AttributeSet):0:0 -> <init>
    int getMeasuredHeightWithMargins(android.view.View) -> a
    boolean isCollapsed(android.view.View) -> b
androidx.appcompat.widget.ActionBarContextView -> androidx.appcompat.widget.ActionBarContextView:
    java.lang.CharSequence mSubtitle -> l
    android.widget.TextView mSubtitleView -> q
    android.widget.LinearLayout mTitleLayout -> o
    android.widget.TextView mTitleView -> p
    android.view.View mClose -> m
    android.view.View mCustomView -> n
    int mCloseItemLayout -> u
    int mTitleStyleRes -> r
    int mSubtitleStyleRes -> s
    java.lang.CharSequence mTitle -> k
    boolean mTitleOptional -> t
    1:1:void <init>(android.content.Context,android.util.AttributeSet,int):0:0 -> <init>
    1:1:void <init>(android.content.Context,android.util.AttributeSet):0 -> <init>
    2:2:androidx.appcompat.widget.TintTypedArray androidx.appcompat.widget.TintTypedArray.obtainStyledAttributes(android.content.Context,android.util.AttributeSet,int[],int,int):0:0 -> <init>
    2:2:void <init>(android.content.Context,android.util.AttributeSet,int):0 -> <init>
    2:2:void <init>(android.content.Context,android.util.AttributeSet):0 -> <init>
    3:3:android.graphics.drawable.Drawable androidx.appcompat.widget.TintTypedArray.getDrawable(int):0:0 -> <init>
    3:3:void <init>(android.content.Context,android.util.AttributeSet,int):0 -> <init>
    3:3:void <init>(android.content.Context,android.util.AttributeSet):0 -> <init>
    4:4:void androidx.core.view.ViewCompat.setBackground(android.view.View,android.graphics.drawable.Drawable):0:0 -> <init>
androidx.appcompat.widget.ActionBarContextView$1 -> androidx.appcompat.widget.ActionBarContextView$a:
    androidx.appcompat.view.ActionMode val$mode -> c
androidx.appcompat.widget.ActionBarOverlayLayout -> androidx.appcompat.widget.ActionBarOverlayLayout:
    boolean mAnimatingForFling -> m
    int mHideOnContentScrollReference -> n
    boolean mIgnoreWindowContentOverlay -> i
    boolean mHasNonEmbeddedTabs -> k
    androidx.appcompat.widget.ActionBarOverlayLayout$ActionBarVisibilityCallback mActionBarVisibilityCallback -> A
    int mWindowVisibility -> d
    android.graphics.Rect mBaseContentInsets -> p
    androidx.core.view.WindowInsetsCompat mLastInnerInsets -> z
    androidx.core.view.WindowInsetsCompat mLastBaseInnerInsets -> x
    java.lang.Runnable mAddActionBarHideOffset -> F
    android.view.ViewPropertyAnimator mCurrentActionBarTopAnimator -> C
    android.graphics.Rect mLastInnerInsetsRect -> v
    android.graphics.Rect mLastBaseInnerInsetsRect -> t
    android.graphics.Rect mContentInsets -> r
    android.animation.AnimatorListenerAdapter mTopAnimatorListener -> D
    int mLastSystemUiVisibility -> o
    android.graphics.drawable.Drawable mWindowContentOverlay -> h
    boolean mOverlayMode -> j
    boolean mHideOnContentScroll -> l
    androidx.core.view.NestedScrollingParentHelper mParentHelper -> G
    androidx.core.view.WindowInsetsCompat mBaseInnerInsets -> w
    int mActionBarHeight -> c
    androidx.appcompat.widget.ContentFrameLayout mContent -> e
    android.widget.OverScroller mFlingEstimator -> B
    java.lang.Runnable mRemoveActionBarHideOffset -> E
    int[] ATTRS -> H