app/build/outputs/mapping/standardRelease/usage.txt
com.jdots.browser.R$menu
com.jdots.browser.helpers.CheckPinnedMismatchHelper:
    public void <init>()
com.jdots.browser.dialogs.CreateBookmarkDialog:
    public static final synthetic void access$setCreateBookmarkListener$p(com.jdots.browser.dialogs.CreateBookmarkDialog,com.jdots.browser.dialogs.CreateBookmarkDialog$CreateBookmarkListener)
com.jdots.browser.dialogs.EditBookmarkFolderDatabaseViewDialog:
    public static final synthetic void access$setEditBookmarkFolderDatabaseViewListener$p(com.jdots.browser.dialogs.EditBookmarkFolderDatabaseViewDialog,com.jdots.browser.dialogs.EditBookmarkFolderDatabaseViewDialog$EditBookmarkFolderDatabaseViewListener)
    public static final synthetic void access$setSaveButton$p(com.jdots.browser.dialogs.EditBookmarkFolderDatabaseViewDialog,android.widget.Button)
com.jdots.browser.R$bool
com.jdots.browser.fragments.AboutVersionFragment:
    static final java.lang.String BLOCKLIST_VERSIONS
com.jdots.browser.R$array
com.jdots.browser.dialogs.CreateBookmarkDialogKt
com.jdots.browser.activities.ViewSourceActivity:
    public static final synthetic void access$setRedColorSpan$p(com.jdots.browser.activities.ViewSourceActivity,android.text.style.ForegroundColorSpan)
    public static final synthetic void access$setInitialGrayColorSpan$p(com.jdots.browser.activities.ViewSourceActivity,android.text.style.ForegroundColorSpan)
    public static final synthetic void access$setFinalGrayColorSpan$p(com.jdots.browser.activities.ViewSourceActivity,android.text.style.ForegroundColorSpan)
com.jdots.browser.dialogs.CreateBookmarkFolderDialogKt
com.jdots.browser.dialogs.FontSizeDialog:
    public static final synthetic void access$setUpdateFontSizeListener$p(com.jdots.browser.dialogs.FontSizeDialog,com.jdots.browser.dialogs.FontSizeDialog$UpdateFontSizeListener)
com.jdots.browser.R$string
com.jdots.browser.R$interpolator
com.jdots.browser.fragments.GuideWebViewFragment:
    private static final java.lang.String TAB_NUMBER
com.jdots.browser.helpers.AdHelper:
    public void <init>()
com.jdots.browser.R$anim
com.jdots.browser.R$attr
com.jdots.browser.R$color
com.jdots.browser.dialogs.HttpAuthenticationDialogKt
com.jdots.browser.R$mipmap
com.jdots.browser.dialogs.EditBookmarkDatabaseViewDialogKt
com.jdots.browser.R
com.jdots.browser.helpers.BookmarksDatabaseHelper:
    private static final int SCHEMA_VERSION
    static final java.lang.String BOOKMARKS_DATABASE
    static final java.lang.String BOOKMARKS_TABLE
    public static final java.lang.String _ID
    public static final java.lang.String BOOKMARK_NAME
    public static final java.lang.String BOOKMARK_URL
    public static final java.lang.String PARENT_FOLDER
    public static final java.lang.String DISPLAY_ORDER
    public static final java.lang.String IS_FOLDER
    public static final java.lang.String FAVORITE_ICON
    static final java.lang.String CREATE_BOOKMARKS_TABLE
com.jdots.browser.dialogs.EditBookmarkFolderDatabaseViewDialogKt
com.jdots.browser.R$style
com.jdots.browser.fragments.WebViewTabFragment:
    private static final java.lang.String CREATE_NEW_PAGE
    private static final java.lang.String PAGE_NUMBER
    private static final java.lang.String URL
    private static final java.lang.String SAVED_STATE
    private static final java.lang.String SAVED_NESTED_SCROLL_WEBVIEW_STATE
com.jdots.browser.R$styleable
com.jdots.browser.dialogs.EditBookmarkDialogKt
com.jdots.browser.dialogs.EditBookmarkDatabaseViewDialog:
    public static final synthetic void access$setEditBookmarkDatabaseViewListener$p(com.jdots.browser.dialogs.EditBookmarkDatabaseViewDialog,com.jdots.browser.dialogs.EditBookmarkDatabaseViewDialog$EditBookmarkDatabaseViewListener)
    public static final synthetic void access$setFolderSpinner$p(com.jdots.browser.dialogs.EditBookmarkDatabaseViewDialog,android.widget.Spinner)
    public static final synthetic void access$setSaveButton$p(com.jdots.browser.dialogs.EditBookmarkDatabaseViewDialog,android.widget.Button)
...
androidx.core.view.accessibility.AccessibilityRecordCompat
androidx.webkit.WebViewCompat:
    public static android.content.pm.PackageInfo getNotYetLoadedWebViewPackageInfo(android.content.Context)
    public static final android.net.Uri WILDCARD_URI
    public static final android.net.Uri EMPTY_URI
com.google.android.material.datepicker.MaterialCalendar$1:
    public final synthetic com.google.android.material.datepicker.MaterialCalendar this$0
androidx.vectordrawable.graphics.drawable.AnimatorInflaterCompat:
    public static android.animation.Animator loadAnimator(android.content.Context,int)
    public static android.animation.Animator loadAnimator(android.content.Context,android.content.res.Resources,android.content.res.Resources$Theme,int)
    public static android.animation.Animator loadAnimator(android.content.Context,android.content.res.Resources,android.content.res.Resources$Theme,int,float)
    public static void parseAnimatorFromTypeArray(android.animation.ValueAnimator,android.content.res.TypedArray,android.content.res.TypedArray,float,org.xmlpull.v1.XmlPullParser)
    public static void setupObjectAnimator(android.animation.ValueAnimator,android.content.res.TypedArray,int,float,org.xmlpull.v1.XmlPullParser)
    public static void setupPathMotion(android.graphics.Path,android.animation.ObjectAnimator,float,java.lang.String,java.lang.String)
    public static android.animation.Animator createAnimatorFromXml(android.content.Context,android.content.res.Resources,android.content.res.Resources$Theme,org.xmlpull.v1.XmlPullParser,float)
    public static android.animation.PropertyValuesHolder[] loadValues(android.content.Context,android.content.res.Resources,android.content.res.Resources$Theme,org.xmlpull.v1.XmlPullParser,android.util.AttributeSet)
androidx.appcompat.app.ActionBar$Tab:
    public void <init>()
    public abstract android.graphics.drawable.Drawable getIcon()
    public abstract java.lang.CharSequence getText()
    public abstract android.view.View getCustomView()
    public abstract java.lang.CharSequence getContentDescription()
androidx.preference.TwoStatePreference$SavedState$1:
    public androidx.preference.TwoStatePreference$SavedState createFromParcel(android.os.Parcel)
    public androidx.preference.TwoStatePreference$SavedState[] newArray(int)
androidx.transition.Transition:
    public final void matchInstances(androidx.collection.ArrayMap,androidx.collection.ArrayMap)
    public final void matchItemIds(androidx.collection.ArrayMap,androidx.collection.ArrayMap,androidx.collection.LongSparseArray,androidx.collection.LongSparseArray)
    public final void matchIds(androidx.collection.ArrayMap,androidx.collection.ArrayMap,android.util.SparseArray,android.util.SparseArray)
    public final void matchNames(androidx.collection.ArrayMap,androidx.collection.ArrayMap,androidx.collection.ArrayMap,androidx.collection.ArrayMap)
    public final void addUnmatched(androidx.collection.ArrayMap,androidx.collection.ArrayMap)
    public final void matchStartAndEnd(androidx.transition.TransitionValuesMaps,androidx.transition.TransitionValuesMaps)
    public final void runAnimator(android.animation.Animator,androidx.collection.ArrayMap)
    public long getDuration()
    public long getStartDelay()
    public android.animation.TimeInterpolator getInterpolator()
    public java.util.List getTargetIds()
    public java.util.List getTargets()
    public java.util.List getTargetNames()
    public java.util.List getTargetTypes()
    public void playTransition(android.view.ViewGroup)
    public void animate(android.animation.Animator)
    public void cancel()
    public androidx.transition.PathMotion getPathMotion()
    public androidx.transition.Transition$EpicenterCallback getEpicenterCallback()
    public void getPropagation()
kotlin.jvm.internal.FunctionBase